<?xml version="1.0" encoding="UTF-8"?>
<!-- Generated by org.testng.reporters.JUnitXMLReporter -->
<testsuite hostname="venkatas-MBP.home" ignored="0" name="Default test" tests="4" failures="0" timestamp="27 Feb 2022 19:23:22 GMT" time="33.794" errors="0">
  <testcase name="feature" time="10.577" classname="com.sky.assignment.qa.runner.CucumberRunner"/>
  <testcase name="feature" time="7.031" classname="com.sky.assignment.qa.runner.CucumberRunner"/>
  <testcase name="feature" time="7.867" classname="com.sky.assignment.qa.runner.CucumberRunner"/>
  <testcase name="feature" time="8.097" classname="com.sky.assignment.qa.runner.CucumberRunner"/>
</testsuite> <!-- Default test -->
